<?xml version="1.0" encoding="UTF-8" ?>
<testsuite failures="0" time="46.022" errors="0" skipped="0" tests="12" name="com.testqa.automation.test.RunTest">
  <properties>
[...]
</properties>
  <testcase time="0" classname="Scenario: Check title" name="Given i open the http:\/\/www.google.com url"/>
  <testcase time="0" classname="Scenario: Check title" name="Then Google title displayed"/>
  <testcase time="0" classname="Scenario: Check title" name="And close the browser"/>
  <testcase time="0" classname="Scenario: Check title" name="Scenario: Check title"/>
  <testcase time="0" classname="Scenario: Singin With valid username and invalid password" name="Given i open the http:\/\/www.google.com url"/>
  <testcase time="0" classname="Scenario: Singin With valid username and invalid password" name="When i click on signin button in home page"/>
  <testcase time="0" classname="Scenario: Singin With valid username and invalid password" name="Then signin page displayed"/>
  <testcase time="0" classname="Scenario: Singin With valid username and invalid password" name="When i enter valid username and invalid password"/>
  <testcase time="0" classname="Scenario: Singin With valid username and invalid password" name="And click on signin button in sign in page"/>
  <testcase time="0" classname="Scenario: Singin With valid username and invalid password" name="Then should display \&quot;The email or password you entered is incorrect. \&quot; error message"/>
  <testcase time="0" classname="Scenario: Singin With valid username and invalid password" name="And close the browser"/>
  <testcase time="0" classname="Scenario: Singin With valid username and invalid password" name="Scenario: Singin With valid username and invalid password"/>
</testsuite>